<?xml version="1.0" encoding="UTF-8"?>
<testng-results ignored="0" total="2" passed="2" failed="0" skipped="0">
  <reporter-output>
  </reporter-output>
  <suite started-at="2020-01-30T23:35:23 ICT" name="BDD Test Suite" finished-at="2020-01-30T23:35:56 ICT" duration-ms="33055">
    <groups>
      <group name="cucumber">
        <method signature="AbstractTestNGCucumberTests.feature(cucumber.api.testng.CucumberFeatureWrapper)[pri:0, instance:TestRunner@65fb9ffc]" name="feature" class="cucumber.api.testng.AbstractTestNGCucumberTests"/>
      </group> <!-- cucumber -->
    </groups>
    <test started-at="2020-01-30T23:35:23 ICT" name="Login and Update Profile Test" finished-at="2020-01-30T23:35:56 ICT" duration-ms="33055">
      <class name="TestRunner">
        <test-method is-config="true" signature="setUpClass()[pri:0, instance:TestRunner@65fb9ffc]" started-at="2020-01-30T23:35:23 ICT" name="setUpClass" finished-at="2020-01-30T23:35:23 ICT" duration-ms="185" status="PASS">
          <reporter-output>
          </reporter-output>
        </test-method> <!-- setUpClass -->
        <test-method signature="feature(cucumber.api.testng.CucumberFeatureWrapper)[pri:0, instance:TestRunner@65fb9ffc]" started-at="2020-01-30T23:35:23 ICT" name="feature" description="Runs Cucumber Feature" data-provider="features" finished-at="2020-01-30T23:35:37 ICT" duration-ms="13713" status="PASS">
          <params>
            <param index="0">
              <value>
                <![CDATA[User Management]]>
              </value>
            </param>
          </params>
          <reporter-output>
          </reporter-output>
        </test-method> <!-- feature -->
        <test-method signature="feature(cucumber.api.testng.CucumberFeatureWrapper)[pri:0, instance:TestRunner@65fb9ffc]" started-at="2020-01-30T23:35:37 ICT" name="feature" description="Runs Cucumber Feature" data-provider="features" finished-at="2020-01-30T23:35:56 ICT" duration-ms="18985" status="PASS">
          <params>
            <param index="0">
              <value>
                <![CDATA[User Management]]>
              </value>
            </param>
          </params>
          <reporter-output>
          </reporter-output>
        </test-method> <!-- feature -->
        <test-method is-config="true" signature="tearDownClass()[pri:0, instance:TestRunner@65fb9ffc]" started-at="2020-01-30T23:35:56 ICT" name="tearDownClass" finished-at="2020-01-30T23:35:56 ICT" duration-ms="77" status="PASS">
          <reporter-output>
          </reporter-output>
        </test-method> <!-- tearDownClass -->
      </class> <!-- TestRunner -->
    </test> <!-- Login and Update Profile Test -->
  </suite> <!-- BDD Test Suite -->
</testng-results>
