<?xml version="1.0" encoding="UTF-8"?>
<!-- Generated by org.testng.reporters.JUnitXMLReporter -->
<testsuite ignored="0" hostname="DESKTOP-AETF1CO" failures="0" tests="2" name="Login and Update Profile Test" time="33.055" errors="0" timestamp="2020-01-30T23:35:56 ICT">
  <testcase classname="cucumber.api.testng.AbstractTestNGCucumberTests" name="feature" time="13.713"/>
  <testcase classname="cucumber.api.testng.AbstractTestNGCucumberTests" name="feature" time="18.985"/>
</testsuite> <!-- Login and Update Profile Test -->
